<?xml version="1.0" encoding="UTF-8"?>
<testng-results ignored="0" total="1" passed="1" failed="0" skipped="0">
  <reporter-output>
  </reporter-output>
  <suite started-at="2023-10-30T15:09:01 IST" name="Default suite" finished-at="2023-10-30T15:09:15 IST" duration-ms="13722">
    <groups>
    </groups>
    <test started-at="2023-10-30T15:09:01 IST" name="Default test" finished-at="2023-10-30T15:09:15 IST" duration-ms="13722">
      <class name="com.orange.hrm.copy1.test.test1">
        <test-method signature="tc01()[pri:0, instance:com.orange.hrm.copy1.test.test1@6d763516]" started-at="2023-10-30T15:09:01 IST" name="tc01" finished-at="2023-10-30T15:09:15 IST" duration-ms="13661" status="PASS">
          <reporter-output>
          </reporter-output>
        </test-method> <!-- tc01 -->
      </class> <!-- com.orange.hrm.copy1.test.test1 -->
    </test> <!-- Default test -->
  </suite> <!-- Default suite -->
</testng-results>
